{"/local/home/ltnln/quantum-js/quantum-js/packages/quantum-js-util/Logging.js": {"path":"/local/home/ltnln/quantum-js/quantum-js/packages/quantum-js-util/Logging.js","statementMap":{"0":{"start":{"line":4,"column":2},"end":{"line":4,"column":74}},"1":{"start":{"line":4,"column":39},"end":{"line":4,"column":74}},"2":{"start":{"line":5,"column":2},"end":{"line":5,"column":17}},"3":{"start":{"line":9,"column":2},"end":{"line":9,"column":30}},"4":{"start":{"line":10,"column":2},"end":{"line":10,"column":19}},"5":{"start":{"line":14,"column":2},"end":{"line":14,"column":29}},"6":{"start":{"line":15,"column":2},"end":{"line":15,"column":19}},"7":{"start":{"line":19,"column":2},"end":{"line":24,"column":10}},"8":{"start":{"line":26,"column":2},"end":{"line":26,"column":19}},"9":{"start":{"line":28,"column":16},"end":{"line":28,"column":34}},"10":{"start":{"line":29,"column":10},"end":{"line":29,"column":31}},"11":{"start":{"line":30,"column":12},"end":{"line":30,"column":47}},"12":{"start":{"line":36,"column":17},"end":{"line":36,"column":26}},"13":{"start":{"line":37,"column":4},"end":{"line":37,"column":50}},"14":{"start":{"line":37,"column":42},"end":{"line":37,"column":50}},"15":{"start":{"line":38,"column":4},"end":{"line":38,"column":17}},"16":{"start":{"line":45,"column":13},"end":{"line":45,"column":36}},"17":{"start":{"line":47,"column":2},"end":{"line":52,"column":5}},"18":{"start":{"line":48,"column":4},"end":{"line":51,"column":5}},"19":{"start":{"line":49,"column":23},"end":{"line":49,"column":44}},"20":{"start":{"line":50,"column":6},"end":{"line":50,"column":43}},"21":{"start":{"line":50,"column":27},"end":{"line":50,"column":43}},"22":{"start":{"line":53,"column":2},"end":{"line":56,"column":5}},"23":{"start":{"line":54,"column":4},"end":{"line":54,"column":42}},"24":{"start":{"line":54,"column":28},"end":{"line":54,"column":42}},"25":{"start":{"line":55,"column":4},"end":{"line":55,"column":59}},"26":{"start":{"line":57,"column":2},"end":{"line":57,"column":24}},"27":{"start":{"line":61,"column":2},"end":{"line":61,"column":29}},"28":{"start":{"line":61,"column":23},"end":{"line":61,"column":29}},"29":{"start":{"line":62,"column":2},"end":{"line":62,"column":33}},"30":{"start":{"line":66,"column":2},"end":{"line":66,"column":33}},"31":{"start":{"line":67,"column":2},"end":{"line":73,"column":15}},"32":{"start":{"line":71,"column":6},"end":{"line":71,"column":58}},"33":{"start":{"line":77,"column":2},"end":{"line":86,"column":21}},"34":{"start":{"line":78,"column":4},"end":{"line":78,"column":49}},"35":{"start":{"line":78,"column":36},"end":{"line":78,"column":49}},"36":{"start":{"line":80,"column":26},"end":{"line":80,"column":64}},"37":{"start":{"line":81,"column":23},"end":{"line":81,"column":59}},"38":{"start":{"line":83,"column":4},"end":{"line":85,"column":30}},"39":{"start":{"line":86,"column":9},"end":{"line":86,"column":21}},"40":{"start":{"line":89,"column":0},"end":{"line":89,"column":69}}},"fnMap":{"0":{"name":"log","decl":{"start":{"line":3,"column":9},"end":{"line":3,"column":12}},"loc":{"start":{"line":3,"column":73},"end":{"line":6,"column":1}},"line":3},"1":{"name":"error","decl":{"start":{"line":8,"column":9},"end":{"line":8,"column":14}},"loc":{"start":{"line":8,"column":17},"end":{"line":11,"column":1}},"line":8},"2":{"name":"warn","decl":{"start":{"line":13,"column":9},"end":{"line":13,"column":13}},"loc":{"start":{"line":13,"column":16},"end":{"line":16,"column":1}},"line":13},"3":{"name":"extractDocumentation","decl":{"start":{"line":18,"column":9},"end":{"line":18,"column":29}},"loc":{"start":{"line":18,"column":33},"end":{"line":58,"column":1}},"line":18},"4":{"name":"countPrefixTabs","decl":{"start":{"line":32,"column":11},"end":{"line":32,"column":26}},"loc":{"start":{"line":32,"column":33},"end":{"line":39,"column":3}},"line":32},"5":{"name":"(anonymous_5)","decl":{"start":{"line":47,"column":16},"end":{"line":47,"column":17}},"loc":{"start":{"line":47,"column":32},"end":{"line":52,"column":3}},"line":47},"6":{"name":"(anonymous_6)","decl":{"start":{"line":53,"column":16},"end":{"line":53,"column":17}},"loc":{"start":{"line":53,"column":35},"end":{"line":56,"column":3}},"line":53},"7":{"name":"help","decl":{"start":{"line":60,"column":9},"end":{"line":60,"column":13}},"loc":{"start":{"line":60,"column":17},"end":{"line":63,"column":1}},"line":60},"8":{"name":"toTitleCase","decl":{"start":{"line":65,"column":9},"end":{"line":65,"column":20}},"loc":{"start":{"line":65,"column":27},"end":{"line":74,"column":1}},"line":65},"9":{"name":"(anonymous_9)","decl":{"start":{"line":70,"column":9},"end":{"line":70,"column":10}},"loc":{"start":{"line":70,"column":25},"end":{"line":72,"column":5}},"line":70},"10":{"name":"centerText","decl":{"start":{"line":76,"column":9},"end":{"line":76,"column":19}},"loc":{"start":{"line":76,"column":42},"end":{"line":87,"column":1}},"line":76}},"branchMap":{"0":{"loc":{"start":{"line":3,"column":13},"end":{"line":3,"column":28}},"type":"default-arg","locations":[{"start":{"line":3,"column":25},"end":{"line":3,"column":28}}],"line":3},"1":{"loc":{"start":{"line":4,"column":2},"end":{"line":4,"column":74}},"type":"if","locations":[{"start":{"line":4,"column":2},"end":{"line":4,"column":74}},{"start":{"line":4,"column":2},"end":{"line":4,"column":74}}],"line":4},"2":{"loc":{"start":{"line":48,"column":4},"end":{"line":51,"column":5}},"type":"if","locations":[{"start":{"line":48,"column":4},"end":{"line":51,"column":5}},{"start":{"line":48,"column":4},"end":{"line":51,"column":5}}],"line":48},"3":{"loc":{"start":{"line":50,"column":6},"end":{"line":50,"column":43}},"type":"if","locations":[{"start":{"line":50,"column":6},"end":{"line":50,"column":43}},{"start":{"line":50,"column":6},"end":{"line":50,"column":43}}],"line":50},"4":{"loc":{"start":{"line":54,"column":4},"end":{"line":54,"column":42}},"type":"if","locations":[{"start":{"line":54,"column":4},"end":{"line":54,"column":42}},{"start":{"line":54,"column":4},"end":{"line":54,"column":42}}],"line":54},"5":{"loc":{"start":{"line":61,"column":2},"end":{"line":61,"column":29}},"type":"if","locations":[{"start":{"line":61,"column":2},"end":{"line":61,"column":29}},{"start":{"line":61,"column":2},"end":{"line":61,"column":29}}],"line":61},"6":{"loc":{"start":{"line":77,"column":2},"end":{"line":86,"column":21}},"type":"if","locations":[{"start":{"line":77,"column":2},"end":{"line":86,"column":21}},{"start":{"line":77,"column":2},"end":{"line":86,"column":21}}],"line":77},"7":{"loc":{"start":{"line":78,"column":4},"end":{"line":78,"column":49}},"type":"if","locations":[{"start":{"line":78,"column":4},"end":{"line":78,"column":49}},{"start":{"line":78,"column":4},"end":{"line":78,"column":49}}],"line":78}},"s":{"0":0,"1":0,"2":0,"3":0,"4":0,"5":0,"6":0,"7":0,"8":0,"9":0,"10":0,"11":0,"12":0,"13":0,"14":0,"15":0,"16":0,"17":0,"18":0,"19":0,"20":0,"21":0,"22":0,"23":0,"24":0,"25":0,"26":0,"27":0,"28":0,"29":0,"30":0,"31":0,"32":0,"33":0,"34":0,"35":0,"36":0,"37":0,"38":0,"39":0,"40":1},"f":{"0":0,"1":0,"2":0,"3":0,"4":0,"5":0,"6":0,"7":0,"8":0,"9":0,"10":0},"b":{"0":[0],"1":[0,0],"2":[0,0],"3":[0,0],"4":[0,0],"5":[0,0],"6":[0,0],"7":[0,0]},"_coverageSchema":"1a1c01bbd47fc00a2c39e90264f33305004495a9","hash":"b84a041ad9884e4c24b84749376b091a7bc732d2"}
,"/local/home/ltnln/quantum-js/quantum-js/packages/quantum-js-util/Math-Functions.js": {"path":"/local/home/ltnln/quantum-js/quantum-js/packages/quantum-js-util/Math-Functions.js","statementMap":{"0":{"start":{"line":3,"column":10},"end":{"line":3,"column":21}},"1":{"start":{"line":4,"column":8},"end":{"line":4,"column":19}},"2":{"start":{"line":6,"column":2},"end":{"line":8,"column":3}},"3":{"start":{"line":7,"column":4},"end":{"line":7,"column":36}},"4":{"start":{"line":9,"column":2},"end":{"line":12,"column":19}},"5":{"start":{"line":10,"column":4},"end":{"line":10,"column":10}},"6":{"start":{"line":11,"column":4},"end":{"line":11,"column":14}},"7":{"start":{"line":12,"column":9},"end":{"line":12,"column":19}},"8":{"start":{"line":13,"column":2},"end":{"line":13,"column":34}},"9":{"start":{"line":17,"column":12},"end":{"line":17,"column":23}},"10":{"start":{"line":18,"column":8},"end":{"line":18,"column":19}},"11":{"start":{"line":20,"column":2},"end":{"line":20,"column":34}},"12":{"start":{"line":20,"column":15},"end":{"line":20,"column":34}},"13":{"start":{"line":21,"column":2},"end":{"line":21,"column":34}},"14":{"start":{"line":21,"column":15},"end":{"line":21,"column":34}},"15":{"start":{"line":22,"column":2},"end":{"line":24,"column":3}},"16":{"start":{"line":23,"column":4},"end":{"line":23,"column":39}},"17":{"start":{"line":25,"column":2},"end":{"line":25,"column":50}},"18":{"start":{"line":29,"column":2},"end":{"line":29,"column":42}},"19":{"start":{"line":33,"column":2},"end":{"line":33,"column":42}},"20":{"start":{"line":37,"column":2},"end":{"line":37,"column":35}},"21":{"start":{"line":37,"column":29},"end":{"line":37,"column":35}},"22":{"start":{"line":38,"column":12},"end":{"line":38,"column":27}},"23":{"start":{"line":39,"column":2},"end":{"line":39,"column":31}},"24":{"start":{"line":43,"column":2},"end":{"line":48,"column":4}},"25":{"start":{"line":52,"column":2},"end":{"line":52,"column":50}},"26":{"start":{"line":56,"column":0},"end":{"line":56,"column":121}}},"fnMap":{"0":{"name":"hypotenuse","decl":{"start":{"line":2,"column":9},"end":{"line":2,"column":19}},"loc":{"start":{"line":2,"column":26},"end":{"line":14,"column":1}},"line":2},"1":{"name":"logHypotenuse","decl":{"start":{"line":16,"column":9},"end":{"line":16,"column":22}},"loc":{"start":{"line":16,"column":29},"end":{"line":26,"column":1}},"line":16},"2":{"name":"hyperbolicSine","decl":{"start":{"line":28,"column":9},"end":{"line":28,"column":23}},"loc":{"start":{"line":28,"column":27},"end":{"line":30,"column":1}},"line":28},"3":{"name":"hyperbolicCosine","decl":{"start":{"line":32,"column":9},"end":{"line":32,"column":25}},"loc":{"start":{"line":32,"column":29},"end":{"line":34,"column":1}},"line":32},"4":{"name":"round","decl":{"start":{"line":36,"column":9},"end":{"line":36,"column":14}},"loc":{"start":{"line":36,"column":21},"end":{"line":40,"column":1}},"line":36},"5":{"name":"isUsefulNumber","decl":{"start":{"line":42,"column":9},"end":{"line":42,"column":23}},"loc":{"start":{"line":42,"column":27},"end":{"line":49,"column":1}},"line":42},"6":{"name":"isUsefulInteger","decl":{"start":{"line":51,"column":9},"end":{"line":51,"column":24}},"loc":{"start":{"line":51,"column":28},"end":{"line":53,"column":1}},"line":51}},"branchMap":{"0":{"loc":{"start":{"line":6,"column":2},"end":{"line":8,"column":3}},"type":"if","locations":[{"start":{"line":6,"column":2},"end":{"line":8,"column":3}},{"start":{"line":6,"column":2},"end":{"line":8,"column":3}}],"line":6},"1":{"loc":{"start":{"line":6,"column":6},"end":{"line":6,"column":26}},"type":"binary-expr","locations":[{"start":{"line":6,"column":6},"end":{"line":6,"column":14}},{"start":{"line":6,"column":18},"end":{"line":6,"column":26}}],"line":6},"2":{"loc":{"start":{"line":9,"column":2},"end":{"line":12,"column":19}},"type":"if","locations":[{"start":{"line":9,"column":2},"end":{"line":12,"column":19}},{"start":{"line":9,"column":2},"end":{"line":12,"column":19}}],"line":9},"3":{"loc":{"start":{"line":20,"column":2},"end":{"line":20,"column":34}},"type":"if","locations":[{"start":{"line":20,"column":2},"end":{"line":20,"column":34}},{"start":{"line":20,"column":2},"end":{"line":20,"column":34}}],"line":20},"4":{"loc":{"start":{"line":21,"column":2},"end":{"line":21,"column":34}},"type":"if","locations":[{"start":{"line":21,"column":2},"end":{"line":21,"column":34}},{"start":{"line":21,"column":2},"end":{"line":21,"column":34}}],"line":21},"5":{"loc":{"start":{"line":22,"column":2},"end":{"line":24,"column":3}},"type":"if","locations":[{"start":{"line":22,"column":2},"end":{"line":24,"column":3}},{"start":{"line":22,"column":2},"end":{"line":24,"column":3}}],"line":22},"6":{"loc":{"start":{"line":22,"column":6},"end":{"line":22,"column":26}},"type":"binary-expr","locations":[{"start":{"line":22,"column":6},"end":{"line":22,"column":14}},{"start":{"line":22,"column":18},"end":{"line":22,"column":26}}],"line":22},"7":{"loc":{"start":{"line":37,"column":2},"end":{"line":37,"column":35}},"type":"if","locations":[{"start":{"line":37,"column":2},"end":{"line":37,"column":35}},{"start":{"line":37,"column":2},"end":{"line":37,"column":35}}],"line":37},"8":{"loc":{"start":{"line":44,"column":4},"end":{"line":47,"column":19}},"type":"binary-expr","locations":[{"start":{"line":44,"column":4},"end":{"line":44,"column":22}},{"start":{"line":45,"column":5},"end":{"line":45,"column":26}},{"start":{"line":45,"column":30},"end":{"line":45,"column":49}},{"start":{"line":46,"column":4},"end":{"line":46,"column":18}},{"start":{"line":47,"column":4},"end":{"line":47,"column":19}}],"line":44},"9":{"loc":{"start":{"line":52,"column":9},"end":{"line":52,"column":49}},"type":"binary-expr","locations":[{"start":{"line":52,"column":9},"end":{"line":52,"column":26}},{"start":{"line":52,"column":30},"end":{"line":52,"column":49}}],"line":52}},"s":{"0":2,"1":2,"2":2,"3":2,"4":0,"5":0,"6":0,"7":0,"8":0,"9":0,"10":0,"11":0,"12":0,"13":0,"14":0,"15":0,"16":0,"17":0,"18":0,"19":0,"20":0,"21":0,"22":0,"23":0,"24":0,"25":0,"26":1},"f":{"0":2,"1":0,"2":0,"3":0,"4":0,"5":0,"6":0},"b":{"0":[2,0],"1":[2,2],"2":[0,0],"3":[0,0],"4":[0,0],"5":[0,0],"6":[0,0],"7":[0,0],"8":[0,0,0,0,0],"9":[0,0]},"_coverageSchema":"1a1c01bbd47fc00a2c39e90264f33305004495a9","hash":"cbd182ce88b7bbc204d5f1aff81a8e9b6ff361bf"}
,"/local/home/ltnln/quantum-js/quantum-js/packages/quantum-js-util/Misc.js": {"path":"/local/home/ltnln/quantum-js/quantum-js/packages/quantum-js-util/Misc.js","statementMap":{"0":{"start":{"line":1,"column":15},"end":{"line":1,"column":35}},"1":{"start":{"line":3,"column":15},"end":{"line":3,"column":17}},"2":{"start":{"line":4,"column":16},"end":{"line":4,"column":18}},"3":{"start":{"line":5,"column":18},"end":{"line":5,"column":20}},"4":{"start":{"line":8,"column":2},"end":{"line":15,"column":3}},"5":{"start":{"line":9,"column":4},"end":{"line":9,"column":32}},"6":{"start":{"line":13,"column":3},"end":{"line":13,"column":31}},"7":{"start":{"line":14,"column":3},"end":{"line":14,"column":22}},"8":{"start":{"line":20,"column":2},"end":{"line":20,"column":20}},"9":{"start":{"line":31,"column":2},"end":{"line":31,"column":29}},"10":{"start":{"line":32,"column":2},"end":{"line":32,"column":27}},"11":{"start":{"line":36,"column":2},"end":{"line":40,"column":3}},"12":{"start":{"line":37,"column":4},"end":{"line":39,"column":6}},"13":{"start":{"line":41,"column":2},"end":{"line":43,"column":3}},"14":{"start":{"line":41,"column":15},"end":{"line":41,"column":16}},"15":{"start":{"line":42,"column":4},"end":{"line":42,"column":51}},"16":{"start":{"line":47,"column":17},"end":{"line":47,"column":18}},"17":{"start":{"line":48,"column":20},"end":{"line":48,"column":22}},"18":{"start":{"line":50,"column":10},"end":{"line":50,"column":12}},"19":{"start":{"line":51,"column":2},"end":{"line":55,"column":3}},"20":{"start":{"line":51,"column":15},"end":{"line":51,"column":16}},"21":{"start":{"line":52,"column":4},"end":{"line":54,"column":5}},"22":{"start":{"line":52,"column":17},"end":{"line":52,"column":18}},"23":{"start":{"line":53,"column":6},"end":{"line":53,"column":36}},"24":{"start":{"line":56,"column":2},"end":{"line":58,"column":5}},"25":{"start":{"line":57,"column":4},"end":{"line":57,"column":23}},"26":{"start":{"line":62,"column":2},"end":{"line":62,"column":50}},"27":{"start":{"line":62,"column":34},"end":{"line":62,"column":50}},"28":{"start":{"line":64,"column":15},"end":{"line":64,"column":40}},"29":{"start":{"line":65,"column":11},"end":{"line":65,"column":51}},"30":{"start":{"line":67,"column":2},"end":{"line":67,"column":55}},"31":{"start":{"line":68,"column":2},"end":{"line":68,"column":14}},"32":{"start":{"line":72,"column":2},"end":{"line":72,"column":18}},"33":{"start":{"line":73,"column":2},"end":{"line":73,"column":29}},"34":{"start":{"line":74,"column":2},"end":{"line":74,"column":21}},"35":{"start":{"line":78,"column":2},"end":{"line":78,"column":16}},"36":{"start":{"line":81,"column":0},"end":{"line":398,"column":2}},"37":{"start":{"line":400,"column":0},"end":{"line":400,"column":136}}},"fnMap":{"0":{"name":"dispatchEventToGlobal","decl":{"start":{"line":7,"column":9},"end":{"line":7,"column":30}},"loc":{"start":{"line":7,"column":38},"end":{"line":16,"column":1}},"line":7},"1":{"name":"createConstant","decl":{"start":{"line":18,"column":9},"end":{"line":18,"column":23}},"loc":{"start":{"line":18,"column":36},"end":{"line":33,"column":1}},"line":18},"2":{"name":"createConstants","decl":{"start":{"line":35,"column":9},"end":{"line":35,"column":24}},"loc":{"start":{"line":35,"column":27},"end":{"line":44,"column":1}},"line":35},"3":{"name":"shuffleNames$","decl":{"start":{"line":49,"column":9},"end":{"line":49,"column":22}},"loc":{"start":{"line":49,"column":25},"end":{"line":59,"column":1}},"line":49},"4":{"name":"(anonymous_4)","decl":{"start":{"line":56,"column":25},"end":{"line":56,"column":26}},"loc":{"start":{"line":56,"column":41},"end":{"line":58,"column":3}},"line":56},"5":{"name":"getRandomName$","decl":{"start":{"line":61,"column":9},"end":{"line":61,"column":23}},"loc":{"start":{"line":61,"column":26},"end":{"line":69,"column":1}},"line":61},"6":{"name":"hueToColorName","decl":{"start":{"line":71,"column":9},"end":{"line":71,"column":23}},"loc":{"start":{"line":71,"column":29},"end":{"line":75,"column":1}},"line":71},"7":{"name":"colorIndexToHue","decl":{"start":{"line":77,"column":9},"end":{"line":77,"column":24}},"loc":{"start":{"line":77,"column":28},"end":{"line":79,"column":1}},"line":77}},"branchMap":{"0":{"loc":{"start":{"line":8,"column":2},"end":{"line":15,"column":3}},"type":"if","locations":[{"start":{"line":8,"column":2},"end":{"line":15,"column":3}},{"start":{"line":8,"column":2},"end":{"line":15,"column":3}}],"line":8},"1":{"loc":{"start":{"line":36,"column":2},"end":{"line":40,"column":3}},"type":"if","locations":[{"start":{"line":36,"column":2},"end":{"line":40,"column":3}},{"start":{"line":36,"column":2},"end":{"line":40,"column":3}}],"line":36},"2":{"loc":{"start":{"line":62,"column":2},"end":{"line":62,"column":50}},"type":"if","locations":[{"start":{"line":62,"column":2},"end":{"line":62,"column":50}},{"start":{"line":62,"column":2},"end":{"line":62,"column":50}}],"line":62}},"s":{"0":1,"1":1,"2":1,"3":1,"4":0,"5":0,"6":0,"7":0,"8":6,"9":6,"10":6,"11":1,"12":0,"13":1,"14":1,"15":6,"16":1,"17":1,"18":0,"19":0,"20":0,"21":0,"22":0,"23":0,"24":0,"25":0,"26":0,"27":0,"28":0,"29":0,"30":0,"31":0,"32":0,"33":0,"34":0,"35":0,"36":1,"37":1},"f":{"0":0,"1":6,"2":1,"3":0,"4":0,"5":0,"6":0,"7":0},"b":{"0":[0,0],"1":[0,1],"2":[0,0]},"_coverageSchema":"1a1c01bbd47fc00a2c39e90264f33305004495a9","hash":"5c95017352a663577eb5c4c624407729c70d69e2"}
,"/local/home/ltnln/quantum-js/quantum-js/packages/quantum-js-util/Q-ComplexNumber.js": {"path":"/local/home/ltnln/quantum-js/quantum-js/packages/quantum-js-util/Q-ComplexNumber.js","statementMap":{"0":{"start":{"line":3,"column":30},"end":{"line":3,"column":50}},"1":{"start":{"line":4,"column":14},"end":{"line":4,"column":41}},"2":{"start":{"line":5,"column":13},"end":{"line":5,"column":30}},"3":{"start":{"line":6,"column":16},"end":{"line":6,"column":38}},"4":{"start":{"line":7,"column":0},"end":{"line":59,"column":2}},"5":{"start":{"line":8,"column":2},"end":{"line":37,"column":3}},"6":{"start":{"line":39,"column":2},"end":{"line":45,"column":42}},"7":{"start":{"line":40,"column":4},"end":{"line":40,"column":31}},"8":{"start":{"line":41,"column":4},"end":{"line":41,"column":21}},"9":{"start":{"line":42,"column":4},"end":{"line":44,"column":6}},"10":{"start":{"line":45,"column":9},"end":{"line":45,"column":42}},"11":{"start":{"line":45,"column":33},"end":{"line":45,"column":42}},"12":{"start":{"line":46,"column":2},"end":{"line":46,"column":45}},"13":{"start":{"line":46,"column":31},"end":{"line":46,"column":45}},"14":{"start":{"line":47,"column":2},"end":{"line":54,"column":6}},"15":{"start":{"line":52,"column":4},"end":{"line":54,"column":6}},"16":{"start":{"line":56,"column":2},"end":{"line":56,"column":19}},"17":{"start":{"line":57,"column":2},"end":{"line":57,"column":29}},"18":{"start":{"line":58,"column":2},"end":{"line":58,"column":37}},"19":{"start":{"line":61,"column":0},"end":{"line":458,"column":3}},"20":{"start":{"line":64,"column":4},"end":{"line":64,"column":22}},"21":{"start":{"line":69,"column":4},"end":{"line":69,"column":22}},"22":{"start":{"line":80,"column":4},"end":{"line":80,"column":36}},"23":{"start":{"line":81,"column":4},"end":{"line":81,"column":29}},"24":{"start":{"line":84,"column":4},"end":{"line":88,"column":5}},"25":{"start":{"line":85,"column":6},"end":{"line":87,"column":8}},"26":{"start":{"line":89,"column":4},"end":{"line":91,"column":5}},"27":{"start":{"line":89,"column":17},"end":{"line":89,"column":18}},"28":{"start":{"line":90,"column":6},"end":{"line":90,"column":58}},"29":{"start":{"line":99,"column":4},"end":{"line":99,"column":63}},"30":{"start":{"line":99,"column":44},"end":{"line":99,"column":63}},"31":{"start":{"line":100,"column":19},"end":{"line":100,"column":47}},"32":{"start":{"line":101,"column":4},"end":{"line":101,"column":52}},"33":{"start":{"line":102,"column":4},"end":{"line":102,"column":52}},"34":{"start":{"line":110,"column":4},"end":{"line":110,"column":51}},"35":{"start":{"line":114,"column":20},"end":{"line":114,"column":37}},"36":{"start":{"line":115,"column":18},"end":{"line":115,"column":35}},"37":{"start":{"line":119,"column":16},"end":{"line":119,"column":36}},"38":{"start":{"line":120,"column":14},"end":{"line":120,"column":34}},"39":{"start":{"line":125,"column":4},"end":{"line":134,"column":5}},"40":{"start":{"line":126,"column":6},"end":{"line":126,"column":58}},"41":{"start":{"line":126,"column":32},"end":{"line":126,"column":58}},"42":{"start":{"line":127,"column":6},"end":{"line":127,"column":46}},"43":{"start":{"line":127,"column":33},"end":{"line":127,"column":46}},"44":{"start":{"line":128,"column":6},"end":{"line":128,"column":50}},"45":{"start":{"line":128,"column":25},"end":{"line":128,"column":50}},"46":{"start":{"line":129,"column":6},"end":{"line":129,"column":38}},"47":{"start":{"line":129,"column":26},"end":{"line":129,"column":38}},"48":{"start":{"line":130,"column":6},"end":{"line":130,"column":50}},"49":{"start":{"line":130,"column":25},"end":{"line":130,"column":50}},"50":{"start":{"line":131,"column":6},"end":{"line":131,"column":57}},"51":{"start":{"line":131,"column":24},"end":{"line":131,"column":57}},"52":{"start":{"line":132,"column":6},"end":{"line":132,"column":48}},"53":{"start":{"line":132,"column":23},"end":{"line":132,"column":48}},"54":{"start":{"line":133,"column":6},"end":{"line":133,"column":25}},"55":{"start":{"line":139,"column":4},"end":{"line":142,"column":46}},"56":{"start":{"line":139,"column":30},"end":{"line":139,"column":56}},"57":{"start":{"line":140,"column":9},"end":{"line":142,"column":46}},"58":{"start":{"line":140,"column":36},"end":{"line":140,"column":49}},"59":{"start":{"line":141,"column":9},"end":{"line":142,"column":46}},"60":{"start":{"line":141,"column":27},"end":{"line":141,"column":55}},"61":{"start":{"line":142,"column":9},"end":{"line":142,"column":46}},"62":{"start":{"line":142,"column":26},"end":{"line":142,"column":46}},"63":{"start":{"line":144,"column":4},"end":{"line":144,"column":53}},"64":{"start":{"line":144,"column":30},"end":{"line":144,"column":53}},"65":{"start":{"line":145,"column":4},"end":{"line":145,"column":54}},"66":{"start":{"line":145,"column":31},"end":{"line":145,"column":54}},"67":{"start":{"line":146,"column":4},"end":{"line":146,"column":36}},"68":{"start":{"line":146,"column":23},"end":{"line":146,"column":36}},"69":{"start":{"line":147,"column":4},"end":{"line":147,"column":46}},"70":{"start":{"line":147,"column":24},"end":{"line":147,"column":46}},"71":{"start":{"line":148,"column":4},"end":{"line":148,"column":45}},"72":{"start":{"line":148,"column":23},"end":{"line":148,"column":45}},"73":{"start":{"line":149,"column":4},"end":{"line":149,"column":56}},"74":{"start":{"line":149,"column":21},"end":{"line":149,"column":56}},"75":{"start":{"line":150,"column":4},"end":{"line":150,"column":56}},"76":{"start":{"line":150,"column":21},"end":{"line":150,"column":56}},"77":{"start":{"line":151,"column":4},"end":{"line":151,"column":39}},"78":{"start":{"line":155,"column":4},"end":{"line":155,"column":80}},"79":{"start":{"line":158,"column":4},"end":{"line":158,"column":47}},"80":{"start":{"line":161,"column":4},"end":{"line":164,"column":6}},"81":{"start":{"line":167,"column":4},"end":{"line":167,"column":53}},"82":{"start":{"line":170,"column":4},"end":{"line":170,"column":48}},"83":{"start":{"line":173,"column":4},"end":{"line":196,"column":6}},"84":{"start":{"line":178,"column":8},"end":{"line":178,"column":41}},"85":{"start":{"line":181,"column":8},"end":{"line":183,"column":10}},"86":{"start":{"line":186,"column":8},"end":{"line":188,"column":10}},"87":{"start":{"line":191,"column":8},"end":{"line":194,"column":10}},"88":{"start":{"line":200,"column":4},"end":{"line":200,"column":49}},"89":{"start":{"line":203,"column":4},"end":{"line":203,"column":55}},"90":{"start":{"line":214,"column":4},"end":{"line":244,"column":8}},"91":{"start":{"line":215,"column":6},"end":{"line":225,"column":10}},"92":{"start":{"line":215,"column":41},"end":{"line":215,"column":70}},"93":{"start":{"line":216,"column":11},"end":{"line":225,"column":10}},"94":{"start":{"line":216,"column":43},"end":{"line":216,"column":73}},"95":{"start":{"line":218,"column":8},"end":{"line":225,"column":10}},"96":{"start":{"line":226,"column":11},"end":{"line":244,"column":8}},"97":{"start":{"line":227,"column":6},"end":{"line":237,"column":10}},"98":{"start":{"line":227,"column":41},"end":{"line":227,"column":71}},"99":{"start":{"line":228,"column":11},"end":{"line":237,"column":10}},"100":{"start":{"line":228,"column":43},"end":{"line":228,"column":74}},"101":{"start":{"line":230,"column":8},"end":{"line":237,"column":10}},"102":{"start":{"line":239,"column":6},"end":{"line":244,"column":8}},"103":{"start":{"line":248,"column":14},"end":{"line":248,"column":20}},"104":{"start":{"line":249,"column":10},"end":{"line":249,"column":21}},"105":{"start":{"line":251,"column":4},"end":{"line":254,"column":6}},"106":{"start":{"line":257,"column":14},"end":{"line":257,"column":20}},"107":{"start":{"line":258,"column":10},"end":{"line":258,"column":21}},"108":{"start":{"line":260,"column":4},"end":{"line":263,"column":6}},"109":{"start":{"line":266,"column":14},"end":{"line":266,"column":20}},"110":{"start":{"line":267,"column":10},"end":{"line":267,"column":21}},"111":{"start":{"line":268,"column":11},"end":{"line":270,"column":7}},"112":{"start":{"line":271,"column":11},"end":{"line":271,"column":78}},"113":{"start":{"line":272,"column":4},"end":{"line":272,"column":66}},"114":{"start":{"line":275,"column":14},"end":{"line":275,"column":20}},"115":{"start":{"line":276,"column":10},"end":{"line":276,"column":21}},"116":{"start":{"line":278,"column":4},"end":{"line":281,"column":5}},"117":{"start":{"line":279,"column":6},"end":{"line":279,"column":57}},"118":{"start":{"line":279,"column":19},"end":{"line":279,"column":57}},"119":{"start":{"line":280,"column":6},"end":{"line":280,"column":59}},"120":{"start":{"line":280,"column":20},"end":{"line":280,"column":59}},"121":{"start":{"line":283,"column":14},"end":{"line":283,"column":39}},"122":{"start":{"line":284,"column":10},"end":{"line":286,"column":7}},"123":{"start":{"line":287,"column":4},"end":{"line":287,"column":58}},"124":{"start":{"line":291,"column":4},"end":{"line":291,"column":64}},"125":{"start":{"line":291,"column":39},"end":{"line":291,"column":64}},"126":{"start":{"line":292,"column":4},"end":{"line":292,"column":64}},"127":{"start":{"line":292,"column":39},"end":{"line":292,"column":64}},"128":{"start":{"line":296,"column":4},"end":{"line":296,"column":45}},"129":{"start":{"line":296,"column":20},"end":{"line":296,"column":45}},"130":{"start":{"line":303,"column":4},"end":{"line":305,"column":5}},"131":{"start":{"line":304,"column":6},"end":{"line":304,"column":32}},"132":{"start":{"line":310,"column":4},"end":{"line":327,"column":5}},"133":{"start":{"line":311,"column":6},"end":{"line":326,"column":7}},"134":{"start":{"line":312,"column":8},"end":{"line":312,"column":62}},"135":{"start":{"line":313,"column":13},"end":{"line":326,"column":7}},"136":{"start":{"line":316,"column":8},"end":{"line":325,"column":9}},"137":{"start":{"line":318,"column":12},"end":{"line":318,"column":71}},"138":{"start":{"line":320,"column":12},"end":{"line":320,"column":71}},"139":{"start":{"line":322,"column":12},"end":{"line":322,"column":72}},"140":{"start":{"line":324,"column":12},"end":{"line":324,"column":72}},"141":{"start":{"line":329,"column":24},"end":{"line":329,"column":55}},"142":{"start":{"line":330,"column":22},"end":{"line":330,"column":62}},"143":{"start":{"line":331,"column":10},"end":{"line":331,"column":70}},"144":{"start":{"line":332,"column":10},"end":{"line":332,"column":60}},"145":{"start":{"line":334,"column":4},"end":{"line":334,"column":63}},"146":{"start":{"line":337,"column":19},"end":{"line":337,"column":42}},"147":{"start":{"line":338,"column":17},"end":{"line":338,"column":42}},"148":{"start":{"line":340,"column":4},"end":{"line":348,"column":5}},"149":{"start":{"line":341,"column":6},"end":{"line":345,"column":7}},"150":{"start":{"line":342,"column":8},"end":{"line":342,"column":40}},"151":{"start":{"line":344,"column":8},"end":{"line":344,"column":61}},"152":{"start":{"line":347,"column":6},"end":{"line":347,"column":79}},"153":{"start":{"line":349,"column":4},"end":{"line":354,"column":5}},"154":{"start":{"line":350,"column":6},"end":{"line":350,"column":64}},"155":{"start":{"line":352,"column":6},"end":{"line":353,"column":67}},"156":{"start":{"line":355,"column":4},"end":{"line":355,"column":48}},"157":{"start":{"line":355,"column":25},"end":{"line":355,"column":48}},"158":{"start":{"line":356,"column":4},"end":{"line":356,"column":18}},"159":{"start":{"line":359,"column":4},"end":{"line":362,"column":6}},"160":{"start":{"line":365,"column":4},"end":{"line":389,"column":6}},"161":{"start":{"line":370,"column":8},"end":{"line":370,"column":40}},"162":{"start":{"line":373,"column":8},"end":{"line":373,"column":62}},"163":{"start":{"line":376,"column":8},"end":{"line":376,"column":62}},"164":{"start":{"line":382,"column":23},"end":{"line":382,"column":38}},"165":{"start":{"line":383,"column":19},"end":{"line":383,"column":39}},"166":{"start":{"line":384,"column":19},"end":{"line":384,"column":39}},"167":{"start":{"line":385,"column":18},"end":{"line":385,"column":48}},"168":{"start":{"line":387,"column":8},"end":{"line":387,"column":66}},"169":{"start":{"line":392,"column":4},"end":{"line":418,"column":6}},"170":{"start":{"line":397,"column":8},"end":{"line":397,"column":40}},"171":{"start":{"line":400,"column":8},"end":{"line":400,"column":46}},"172":{"start":{"line":403,"column":8},"end":{"line":403,"column":62}},"173":{"start":{"line":409,"column":26},"end":{"line":409,"column":39}},"174":{"start":{"line":410,"column":22},"end":{"line":410,"column":43}},"175":{"start":{"line":414,"column":24},"end":{"line":414,"column":50}},"176":{"start":{"line":416,"column":8},"end":{"line":416,"column":45}},"177":{"start":{"line":421,"column":4},"end":{"line":437,"column":6}},"178":{"start":{"line":426,"column":8},"end":{"line":426,"column":40}},"179":{"start":{"line":429,"column":8},"end":{"line":429,"column":58}},"180":{"start":{"line":432,"column":8},"end":{"line":432,"column":58}},"181":{"start":{"line":435,"column":8},"end":{"line":435,"column":77}},"182":{"start":{"line":440,"column":4},"end":{"line":456,"column":6}},"183":{"start":{"line":445,"column":8},"end":{"line":445,"column":40}},"184":{"start":{"line":448,"column":8},"end":{"line":448,"column":58}},"185":{"start":{"line":451,"column":8},"end":{"line":451,"column":58}},"186":{"start":{"line":454,"column":8},"end":{"line":454,"column":77}},"187":{"start":{"line":460,"column":0},"end":{"line":477,"column":2}},"188":{"start":{"line":479,"column":0},"end":{"line":584,"column":3}},"189":{"start":{"line":483,"column":4},"end":{"line":483,"column":56}},"190":{"start":{"line":488,"column":4},"end":{"line":488,"column":47}},"191":{"start":{"line":488,"column":30},"end":{"line":488,"column":47}},"192":{"start":{"line":489,"column":4},"end":{"line":489,"column":16}},"193":{"start":{"line":494,"column":4},"end":{"line":499,"column":6}},"194":{"start":{"line":503,"column":4},"end":{"line":503,"column":37}},"195":{"start":{"line":506,"column":4},"end":{"line":506,"column":38}},"196":{"start":{"line":509,"column":4},"end":{"line":509,"column":40}},"197":{"start":{"line":512,"column":4},"end":{"line":512,"column":42}},"198":{"start":{"line":515,"column":4},"end":{"line":515,"column":43}},"199":{"start":{"line":519,"column":4},"end":{"line":519,"column":40}},"200":{"start":{"line":522,"column":4},"end":{"line":522,"column":41}},"201":{"start":{"line":526,"column":4},"end":{"line":526,"column":40}},"202":{"start":{"line":529,"column":4},"end":{"line":529,"column":42}},"203":{"start":{"line":532,"column":4},"end":{"line":532,"column":35}},"204":{"start":{"line":535,"column":4},"end":{"line":535,"column":43}},"205":{"start":{"line":538,"column":4},"end":{"line":538,"column":41}},"206":{"start":{"line":541,"column":4},"end":{"line":541,"column":38}},"207":{"start":{"line":544,"column":4},"end":{"line":544,"column":43}},"208":{"start":{"line":550,"column":4},"end":{"line":554,"column":8}},"209":{"start":{"line":551,"column":6},"end":{"line":554,"column":8}},"210":{"start":{"line":556,"column":4},"end":{"line":556,"column":23}},"211":{"start":{"line":557,"column":4},"end":{"line":557,"column":33}},"212":{"start":{"line":558,"column":4},"end":{"line":558,"column":16}},"213":{"start":{"line":561,"column":4},"end":{"line":561,"column":40}},"214":{"start":{"line":564,"column":4},"end":{"line":564,"column":37}},"215":{"start":{"line":567,"column":4},"end":{"line":567,"column":41}},"216":{"start":{"line":570,"column":4},"end":{"line":570,"column":34}},"217":{"start":{"line":573,"column":4},"end":{"line":573,"column":40}},"218":{"start":{"line":576,"column":4},"end":{"line":576,"column":38}},"219":{"start":{"line":579,"column":4},"end":{"line":579,"column":35}},"220":{"start":{"line":582,"column":4},"end":{"line":582,"column":40}},"221":{"start":{"line":586,"column":0},"end":{"line":586,"column":35}}},"fnMap":{"0":{"name":"(anonymous_0)","decl":{"start":{"line":7,"column":16},"end":{"line":7,"column":17}},"loc":{"start":{"line":7,"column":43},"end":{"line":59,"column":1}},"line":7},"1":{"name":"(anonymous_1)","decl":{"start":{"line":63,"column":8},"end":{"line":63,"column":9}},"loc":{"start":{"line":63,"column":20},"end":{"line":65,"column":3}},"line":63},"2":{"name":"(anonymous_2)","decl":{"start":{"line":67,"column":18},"end":{"line":67,"column":19}},"loc":{"start":{"line":67,"column":40},"end":{"line":82,"column":3}},"line":67},"3":{"name":"(anonymous_3)","decl":{"start":{"line":83,"column":19},"end":{"line":83,"column":20}},"loc":{"start":{"line":83,"column":31},"end":{"line":92,"column":3}},"line":83},"4":{"name":"(anonymous_4)","decl":{"start":{"line":94,"column":10},"end":{"line":94,"column":11}},"loc":{"start":{"line":94,"column":67},"end":{"line":152,"column":3}},"line":94},"5":{"name":"(anonymous_5)","decl":{"start":{"line":154,"column":16},"end":{"line":154,"column":17}},"loc":{"start":{"line":154,"column":29},"end":{"line":156,"column":3}},"line":154},"6":{"name":"(anonymous_6)","decl":{"start":{"line":157,"column":9},"end":{"line":157,"column":10}},"loc":{"start":{"line":157,"column":22},"end":{"line":159,"column":3}},"line":157},"7":{"name":"(anonymous_7)","decl":{"start":{"line":160,"column":10},"end":{"line":160,"column":11}},"loc":{"start":{"line":160,"column":23},"end":{"line":165,"column":3}},"line":160},"8":{"name":"(anonymous_8)","decl":{"start":{"line":166,"column":12},"end":{"line":166,"column":13}},"loc":{"start":{"line":166,"column":25},"end":{"line":168,"column":3}},"line":166},"9":{"name":"(anonymous_9)","decl":{"start":{"line":169,"column":14},"end":{"line":169,"column":15}},"loc":{"start":{"line":169,"column":27},"end":{"line":171,"column":3}},"line":169},"10":{"name":"(anonymous_10)","decl":{"start":{"line":172,"column":12},"end":{"line":172,"column":13}},"loc":{"start":{"line":172,"column":28},"end":{"line":197,"column":3}},"line":172},"11":{"name":"(anonymous_11)","decl":{"start":{"line":177,"column":6},"end":{"line":177,"column":7}},"loc":{"start":{"line":177,"column":22},"end":{"line":179,"column":7}},"line":177},"12":{"name":"(anonymous_12)","decl":{"start":{"line":180,"column":6},"end":{"line":180,"column":7}},"loc":{"start":{"line":180,"column":22},"end":{"line":184,"column":7}},"line":180},"13":{"name":"(anonymous_13)","decl":{"start":{"line":185,"column":6},"end":{"line":185,"column":7}},"loc":{"start":{"line":185,"column":22},"end":{"line":189,"column":7}},"line":185},"14":{"name":"(anonymous_14)","decl":{"start":{"line":190,"column":6},"end":{"line":190,"column":7}},"loc":{"start":{"line":190,"column":22},"end":{"line":195,"column":7}},"line":190},"15":{"name":"(anonymous_15)","decl":{"start":{"line":199,"column":12},"end":{"line":199,"column":13}},"loc":{"start":{"line":199,"column":25},"end":{"line":201,"column":3}},"line":199},"16":{"name":"(anonymous_16)","decl":{"start":{"line":202,"column":13},"end":{"line":202,"column":14}},"loc":{"start":{"line":202,"column":26},"end":{"line":204,"column":3}},"line":202},"17":{"name":"(anonymous_17)","decl":{"start":{"line":205,"column":11},"end":{"line":205,"column":12}},"loc":{"start":{"line":213,"column":4},"end":{"line":245,"column":3}},"line":213},"18":{"name":"(anonymous_18)","decl":{"start":{"line":247,"column":8},"end":{"line":247,"column":9}},"loc":{"start":{"line":247,"column":21},"end":{"line":255,"column":3}},"line":247},"19":{"name":"(anonymous_19)","decl":{"start":{"line":256,"column":10},"end":{"line":256,"column":11}},"loc":{"start":{"line":256,"column":23},"end":{"line":264,"column":3}},"line":256},"20":{"name":"(anonymous_20)","decl":{"start":{"line":265,"column":13},"end":{"line":265,"column":14}},"loc":{"start":{"line":265,"column":26},"end":{"line":273,"column":3}},"line":265},"21":{"name":"(anonymous_21)","decl":{"start":{"line":274,"column":14},"end":{"line":274,"column":15}},"loc":{"start":{"line":274,"column":27},"end":{"line":288,"column":3}},"line":274},"22":{"name":"(anonymous_22)","decl":{"start":{"line":290,"column":9},"end":{"line":290,"column":10}},"loc":{"start":{"line":290,"column":25},"end":{"line":335,"column":3}},"line":290},"23":{"name":"(anonymous_23)","decl":{"start":{"line":336,"column":14},"end":{"line":336,"column":15}},"loc":{"start":{"line":336,"column":27},"end":{"line":357,"column":3}},"line":336},"24":{"name":"(anonymous_24)","decl":{"start":{"line":358,"column":7},"end":{"line":358,"column":8}},"loc":{"start":{"line":358,"column":20},"end":{"line":363,"column":3}},"line":358},"25":{"name":"(anonymous_25)","decl":{"start":{"line":364,"column":12},"end":{"line":364,"column":13}},"loc":{"start":{"line":364,"column":28},"end":{"line":390,"column":3}},"line":364},"26":{"name":"(anonymous_26)","decl":{"start":{"line":369,"column":6},"end":{"line":369,"column":7}},"loc":{"start":{"line":369,"column":22},"end":{"line":371,"column":7}},"line":369},"27":{"name":"(anonymous_27)","decl":{"start":{"line":372,"column":6},"end":{"line":372,"column":7}},"loc":{"start":{"line":372,"column":22},"end":{"line":374,"column":7}},"line":372},"28":{"name":"(anonymous_28)","decl":{"start":{"line":375,"column":6},"end":{"line":375,"column":7}},"loc":{"start":{"line":375,"column":22},"end":{"line":377,"column":7}},"line":375},"29":{"name":"(anonymous_29)","decl":{"start":{"line":378,"column":6},"end":{"line":378,"column":7}},"loc":{"start":{"line":378,"column":22},"end":{"line":388,"column":7}},"line":378},"30":{"name":"(anonymous_30)","decl":{"start":{"line":391,"column":10},"end":{"line":391,"column":11}},"loc":{"start":{"line":391,"column":26},"end":{"line":419,"column":3}},"line":391},"31":{"name":"(anonymous_31)","decl":{"start":{"line":396,"column":6},"end":{"line":396,"column":7}},"loc":{"start":{"line":396,"column":22},"end":{"line":398,"column":7}},"line":396},"32":{"name":"(anonymous_32)","decl":{"start":{"line":399,"column":6},"end":{"line":399,"column":7}},"loc":{"start":{"line":399,"column":22},"end":{"line":401,"column":7}},"line":399},"33":{"name":"(anonymous_33)","decl":{"start":{"line":402,"column":6},"end":{"line":402,"column":7}},"loc":{"start":{"line":402,"column":22},"end":{"line":404,"column":7}},"line":402},"34":{"name":"(anonymous_34)","decl":{"start":{"line":405,"column":6},"end":{"line":405,"column":7}},"loc":{"start":{"line":405,"column":22},"end":{"line":417,"column":7}},"line":405},"35":{"name":"(anonymous_35)","decl":{"start":{"line":420,"column":7},"end":{"line":420,"column":8}},"loc":{"start":{"line":420,"column":23},"end":{"line":438,"column":3}},"line":420},"36":{"name":"(anonymous_36)","decl":{"start":{"line":425,"column":6},"end":{"line":425,"column":7}},"loc":{"start":{"line":425,"column":22},"end":{"line":427,"column":7}},"line":425},"37":{"name":"(anonymous_37)","decl":{"start":{"line":428,"column":6},"end":{"line":428,"column":7}},"loc":{"start":{"line":428,"column":22},"end":{"line":430,"column":7}},"line":428},"38":{"name":"(anonymous_38)","decl":{"start":{"line":431,"column":6},"end":{"line":431,"column":7}},"loc":{"start":{"line":431,"column":22},"end":{"line":433,"column":7}},"line":431},"39":{"name":"(anonymous_39)","decl":{"start":{"line":434,"column":6},"end":{"line":434,"column":7}},"loc":{"start":{"line":434,"column":22},"end":{"line":436,"column":7}},"line":434},"40":{"name":"(anonymous_40)","decl":{"start":{"line":439,"column":12},"end":{"line":439,"column":13}},"loc":{"start":{"line":439,"column":28},"end":{"line":457,"column":3}},"line":439},"41":{"name":"(anonymous_41)","decl":{"start":{"line":444,"column":6},"end":{"line":444,"column":7}},"loc":{"start":{"line":444,"column":22},"end":{"line":446,"column":7}},"line":444},"42":{"name":"(anonymous_42)","decl":{"start":{"line":447,"column":6},"end":{"line":447,"column":7}},"loc":{"start":{"line":447,"column":22},"end":{"line":449,"column":7}},"line":447},"43":{"name":"(anonymous_43)","decl":{"start":{"line":450,"column":6},"end":{"line":450,"column":7}},"loc":{"start":{"line":450,"column":22},"end":{"line":452,"column":7}},"line":450},"44":{"name":"(anonymous_44)","decl":{"start":{"line":453,"column":6},"end":{"line":453,"column":7}},"loc":{"start":{"line":453,"column":22},"end":{"line":455,"column":7}},"line":453},"45":{"name":"(anonymous_45)","decl":{"start":{"line":482,"column":9},"end":{"line":482,"column":10}},"loc":{"start":{"line":482,"column":21},"end":{"line":484,"column":3}},"line":482},"46":{"name":"(anonymous_46)","decl":{"start":{"line":485,"column":10},"end":{"line":485,"column":11}},"loc":{"start":{"line":485,"column":22},"end":{"line":490,"column":3}},"line":485},"47":{"name":"(anonymous_47)","decl":{"start":{"line":491,"column":10},"end":{"line":491,"column":11}},"loc":{"start":{"line":491,"column":49},"end":{"line":500,"column":3}},"line":491},"48":{"name":"(anonymous_48)","decl":{"start":{"line":502,"column":9},"end":{"line":502,"column":10}},"loc":{"start":{"line":502,"column":22},"end":{"line":504,"column":3}},"line":502},"49":{"name":"(anonymous_49)","decl":{"start":{"line":505,"column":10},"end":{"line":505,"column":11}},"loc":{"start":{"line":505,"column":23},"end":{"line":507,"column":3}},"line":505},"50":{"name":"(anonymous_50)","decl":{"start":{"line":508,"column":12},"end":{"line":508,"column":13}},"loc":{"start":{"line":508,"column":25},"end":{"line":510,"column":3}},"line":508},"51":{"name":"(anonymous_51)","decl":{"start":{"line":511,"column":14},"end":{"line":511,"column":15}},"loc":{"start":{"line":511,"column":27},"end":{"line":513,"column":3}},"line":511},"52":{"name":"(anonymous_52)","decl":{"start":{"line":514,"column":13},"end":{"line":514,"column":14}},"loc":{"start":{"line":514,"column":26},"end":{"line":516,"column":3}},"line":514},"53":{"name":"(anonymous_53)","decl":{"start":{"line":518,"column":12},"end":{"line":518,"column":13}},"loc":{"start":{"line":518,"column":24},"end":{"line":520,"column":3}},"line":518},"54":{"name":"(anonymous_54)","decl":{"start":{"line":521,"column":13},"end":{"line":521,"column":14}},"loc":{"start":{"line":521,"column":25},"end":{"line":523,"column":3}},"line":521},"55":{"name":"(anonymous_55)","decl":{"start":{"line":525,"column":9},"end":{"line":525,"column":10}},"loc":{"start":{"line":525,"column":22},"end":{"line":527,"column":3}},"line":525},"56":{"name":"(anonymous_56)","decl":{"start":{"line":528,"column":14},"end":{"line":528,"column":15}},"loc":{"start":{"line":528,"column":26},"end":{"line":530,"column":3}},"line":528},"57":{"name":"(anonymous_57)","decl":{"start":{"line":531,"column":7},"end":{"line":531,"column":8}},"loc":{"start":{"line":531,"column":19},"end":{"line":533,"column":3}},"line":531},"58":{"name":"(anonymous_58)","decl":{"start":{"line":534,"column":12},"end":{"line":534,"column":13}},"loc":{"start":{"line":534,"column":25},"end":{"line":536,"column":3}},"line":534},"59":{"name":"(anonymous_59)","decl":{"start":{"line":537,"column":10},"end":{"line":537,"column":11}},"loc":{"start":{"line":537,"column":23},"end":{"line":539,"column":3}},"line":537},"60":{"name":"(anonymous_60)","decl":{"start":{"line":540,"column":7},"end":{"line":540,"column":8}},"loc":{"start":{"line":540,"column":20},"end":{"line":542,"column":3}},"line":540},"61":{"name":"(anonymous_61)","decl":{"start":{"line":543,"column":12},"end":{"line":543,"column":13}},"loc":{"start":{"line":543,"column":25},"end":{"line":545,"column":3}},"line":543},"62":{"name":"(anonymous_62)","decl":{"start":{"line":549,"column":9},"end":{"line":549,"column":10}},"loc":{"start":{"line":549,"column":22},"end":{"line":559,"column":3}},"line":549},"63":{"name":"(anonymous_63)","decl":{"start":{"line":560,"column":14},"end":{"line":560,"column":15}},"loc":{"start":{"line":560,"column":26},"end":{"line":562,"column":3}},"line":560},"64":{"name":"(anonymous_64)","decl":{"start":{"line":563,"column":10},"end":{"line":563,"column":11}},"loc":{"start":{"line":563,"column":23},"end":{"line":565,"column":3}},"line":563},"65":{"name":"(anonymous_65)","decl":{"start":{"line":566,"column":15},"end":{"line":566,"column":16}},"loc":{"start":{"line":566,"column":27},"end":{"line":568,"column":3}},"line":566},"66":{"name":"(anonymous_66)","decl":{"start":{"line":569,"column":8},"end":{"line":569,"column":9}},"loc":{"start":{"line":569,"column":20},"end":{"line":571,"column":3}},"line":569},"67":{"name":"(anonymous_67)","decl":{"start":{"line":572,"column":13},"end":{"line":572,"column":14}},"loc":{"start":{"line":572,"column":26},"end":{"line":574,"column":3}},"line":572},"68":{"name":"(anonymous_68)","decl":{"start":{"line":575,"column":11},"end":{"line":575,"column":12}},"loc":{"start":{"line":575,"column":24},"end":{"line":577,"column":3}},"line":575},"69":{"name":"(anonymous_69)","decl":{"start":{"line":578,"column":8},"end":{"line":578,"column":9}},"loc":{"start":{"line":578,"column":21},"end":{"line":580,"column":3}},"line":578},"70":{"name":"(anonymous_70)","decl":{"start":{"line":581,"column":13},"end":{"line":581,"column":14}},"loc":{"start":{"line":581,"column":26},"end":{"line":583,"column":3}},"line":581}},"branchMap":{"0":{"loc":{"start":{"line":39,"column":2},"end":{"line":45,"column":42}},"type":"if","locations":[{"start":{"line":39,"column":2},"end":{"line":45,"column":42}},{"start":{"line":39,"column":2},"end":{"line":45,"column":42}}],"line":39},"1":{"loc":{"start":{"line":45,"column":9},"end":{"line":45,"column":42}},"type":"if","locations":[{"start":{"line":45,"column":9},"end":{"line":45,"column":42}},{"start":{"line":45,"column":9},"end":{"line":45,"column":42}}],"line":45},"2":{"loc":{"start":{"line":46,"column":2},"end":{"line":46,"column":45}},"type":"if","locations":[{"start":{"line":46,"column":2},"end":{"line":46,"column":45}},{"start":{"line":46,"column":2},"end":{"line":46,"column":45}}],"line":46},"3":{"loc":{"start":{"line":47,"column":2},"end":{"line":54,"column":6}},"type":"if","locations":[{"start":{"line":47,"column":2},"end":{"line":54,"column":6}},{"start":{"line":47,"column":2},"end":{"line":54,"column":6}}],"line":47},"4":{"loc":{"start":{"line":48,"column":4},"end":{"line":50,"column":32}},"type":"binary-expr","locations":[{"start":{"line":48,"column":5},"end":{"line":48,"column":46}},{"start":{"line":48,"column":50},"end":{"line":48,"column":70}},{"start":{"line":49,"column":5},"end":{"line":49,"column":51}},{"start":{"line":50,"column":6},"end":{"line":50,"column":31}}],"line":48},"5":{"loc":{"start":{"line":84,"column":4},"end":{"line":88,"column":5}},"type":"if","locations":[{"start":{"line":84,"column":4},"end":{"line":88,"column":5}},{"start":{"line":84,"column":4},"end":{"line":88,"column":5}}],"line":84},"6":{"loc":{"start":{"line":99,"column":4},"end":{"line":99,"column":63}},"type":"if","locations":[{"start":{"line":99,"column":4},"end":{"line":99,"column":63}},{"start":{"line":99,"column":4},"end":{"line":99,"column":63}}],"line":99},"7":{"loc":{"start":{"line":110,"column":18},"end":{"line":110,"column":50}},"type":"cond-expr","locations":[{"start":{"line":110,"column":42},"end":{"line":110,"column":44}},{"start":{"line":110,"column":47},"end":{"line":110,"column":50}}],"line":110},"8":{"loc":{"start":{"line":125,"column":4},"end":{"line":134,"column":5}},"type":"if","locations":[{"start":{"line":125,"column":4},"end":{"line":134,"column":5}},{"start":{"line":125,"column":4},"end":{"line":134,"column":5}}],"line":125},"9":{"loc":{"start":{"line":126,"column":6},"end":{"line":126,"column":58}},"type":"if","locations":[{"start":{"line":126,"column":6},"end":{"line":126,"column":58}},{"start":{"line":126,"column":6},"end":{"line":126,"column":58}}],"line":126},"10":{"loc":{"start":{"line":127,"column":6},"end":{"line":127,"column":46}},"type":"if","locations":[{"start":{"line":127,"column":6},"end":{"line":127,"column":46}},{"start":{"line":127,"column":6},"end":{"line":127,"column":46}}],"line":127},"11":{"loc":{"start":{"line":128,"column":6},"end":{"line":128,"column":50}},"type":"if","locations":[{"start":{"line":128,"column":6},"end":{"line":128,"column":50}},{"start":{"line":128,"column":6},"end":{"line":128,"column":50}}],"line":128},"12":{"loc":{"start":{"line":129,"column":6},"end":{"line":129,"column":38}},"type":"if","locations":[{"start":{"line":129,"column":6},"end":{"line":129,"column":38}},{"start":{"line":129,"column":6},"end":{"line":129,"column":38}}],"line":129},"13":{"loc":{"start":{"line":130,"column":6},"end":{"line":130,"column":50}},"type":"if","locations":[{"start":{"line":130,"column":6},"end":{"line":130,"column":50}},{"start":{"line":130,"column":6},"end":{"line":130,"column":50}}],"line":130},"14":{"loc":{"start":{"line":131,"column":6},"end":{"line":131,"column":57}},"type":"if","locations":[{"start":{"line":131,"column":6},"end":{"line":131,"column":57}},{"start":{"line":131,"column":6},"end":{"line":131,"column":57}}],"line":131},"15":{"loc":{"start":{"line":132,"column":6},"end":{"line":132,"column":48}},"type":"if","locations":[{"start":{"line":132,"column":6},"end":{"line":132,"column":48}},{"start":{"line":132,"column":6},"end":{"line":132,"column":48}}],"line":132},"16":{"loc":{"start":{"line":139,"column":4},"end":{"line":142,"column":46}},"type":"if","locations":[{"start":{"line":139,"column":4},"end":{"line":142,"column":46}},{"start":{"line":139,"column":4},"end":{"line":142,"column":46}}],"line":139},"17":{"loc":{"start":{"line":140,"column":9},"end":{"line":142,"column":46}},"type":"if","locations":[{"start":{"line":140,"column":9},"end":{"line":142,"column":46}},{"start":{"line":140,"column":9},"end":{"line":142,"column":46}}],"line":140},"18":{"loc":{"start":{"line":141,"column":9},"end":{"line":142,"column":46}},"type":"if","locations":[{"start":{"line":141,"column":9},"end":{"line":142,"column":46}},{"start":{"line":141,"column":9},"end":{"line":142,"column":46}}],"line":141},"19":{"loc":{"start":{"line":142,"column":9},"end":{"line":142,"column":46}},"type":"if","locations":[{"start":{"line":142,"column":9},"end":{"line":142,"column":46}},{"start":{"line":142,"column":9},"end":{"line":142,"column":46}}],"line":142},"20":{"loc":{"start":{"line":144,"column":4},"end":{"line":144,"column":53}},"type":"if","locations":[{"start":{"line":144,"column":4},"end":{"line":144,"column":53}},{"start":{"line":144,"column":4},"end":{"line":144,"column":53}}],"line":144},"21":{"loc":{"start":{"line":145,"column":4},"end":{"line":145,"column":54}},"type":"if","locations":[{"start":{"line":145,"column":4},"end":{"line":145,"column":54}},{"start":{"line":145,"column":4},"end":{"line":145,"column":54}}],"line":145},"22":{"loc":{"start":{"line":146,"column":4},"end":{"line":146,"column":36}},"type":"if","locations":[{"start":{"line":146,"column":4},"end":{"line":146,"column":36}},{"start":{"line":146,"column":4},"end":{"line":146,"column":36}}],"line":146},"23":{"loc":{"start":{"line":147,"column":4},"end":{"line":147,"column":46}},"type":"if","locations":[{"start":{"line":147,"column":4},"end":{"line":147,"column":46}},{"start":{"line":147,"column":4},"end":{"line":147,"column":46}}],"line":147},"24":{"loc":{"start":{"line":148,"column":4},"end":{"line":148,"column":45}},"type":"if","locations":[{"start":{"line":148,"column":4},"end":{"line":148,"column":45}},{"start":{"line":148,"column":4},"end":{"line":148,"column":45}}],"line":148},"25":{"loc":{"start":{"line":149,"column":4},"end":{"line":149,"column":56}},"type":"if","locations":[{"start":{"line":149,"column":4},"end":{"line":149,"column":56}},{"start":{"line":149,"column":4},"end":{"line":149,"column":56}}],"line":149},"26":{"loc":{"start":{"line":150,"column":4},"end":{"line":150,"column":56}},"type":"if","locations":[{"start":{"line":150,"column":4},"end":{"line":150,"column":56}},{"start":{"line":150,"column":4},"end":{"line":150,"column":56}}],"line":150},"27":{"loc":{"start":{"line":155,"column":11},"end":{"line":155,"column":79}},"type":"binary-expr","locations":[{"start":{"line":155,"column":11},"end":{"line":155,"column":29}},{"start":{"line":155,"column":34},"end":{"line":155,"column":55}},{"start":{"line":155,"column":59},"end":{"line":155,"column":78}}],"line":155},"28":{"loc":{"start":{"line":158,"column":11},"end":{"line":158,"column":46}},"type":"binary-expr","locations":[{"start":{"line":158,"column":11},"end":{"line":158,"column":24}},{"start":{"line":158,"column":28},"end":{"line":158,"column":46}}],"line":158},"29":{"loc":{"start":{"line":162,"column":6},"end":{"line":163,"column":47}},"type":"binary-expr","locations":[{"start":{"line":162,"column":7},"end":{"line":162,"column":19}},{"start":{"line":162,"column":23},"end":{"line":162,"column":36}},{"start":{"line":163,"column":7},"end":{"line":163,"column":24}},{"start":{"line":163,"column":28},"end":{"line":163,"column":46}}],"line":162},"30":{"loc":{"start":{"line":167,"column":11},"end":{"line":167,"column":52}},"type":"binary-expr","locations":[{"start":{"line":167,"column":11},"end":{"line":167,"column":27}},{"start":{"line":167,"column":31},"end":{"line":167,"column":52}}],"line":167},"31":{"loc":{"start":{"line":170,"column":13},"end":{"line":170,"column":46}},"type":"binary-expr","locations":[{"start":{"line":170,"column":13},"end":{"line":170,"column":26}},{"start":{"line":170,"column":30},"end":{"line":170,"column":46}}],"line":170},"32":{"loc":{"start":{"line":182,"column":10},"end":{"line":182,"column":75}},"type":"binary-expr","locations":[{"start":{"line":182,"column":10},"end":{"line":182,"column":40}},{"start":{"line":182,"column":44},"end":{"line":182,"column":75}}],"line":182},"33":{"loc":{"start":{"line":187,"column":10},"end":{"line":187,"column":75}},"type":"binary-expr","locations":[{"start":{"line":187,"column":10},"end":{"line":187,"column":40}},{"start":{"line":187,"column":44},"end":{"line":187,"column":75}}],"line":187},"34":{"loc":{"start":{"line":192,"column":10},"end":{"line":193,"column":55}},"type":"binary-expr","locations":[{"start":{"line":192,"column":10},"end":{"line":192,"column":45}},{"start":{"line":193,"column":10},"end":{"line":193,"column":55}}],"line":192},"35":{"loc":{"start":{"line":214,"column":4},"end":{"line":244,"column":8}},"type":"if","locations":[{"start":{"line":214,"column":4},"end":{"line":244,"column":8}},{"start":{"line":214,"column":4},"end":{"line":244,"column":8}}],"line":214},"36":{"loc":{"start":{"line":215,"column":6},"end":{"line":225,"column":10}},"type":"if","locations":[{"start":{"line":215,"column":6},"end":{"line":225,"column":10}},{"start":{"line":215,"column":6},"end":{"line":225,"column":10}}],"line":215},"37":{"loc":{"start":{"line":216,"column":11},"end":{"line":225,"column":10}},"type":"if","locations":[{"start":{"line":216,"column":11},"end":{"line":225,"column":10}},{"start":{"line":216,"column":11},"end":{"line":225,"column":10}}],"line":216},"38":{"loc":{"start":{"line":226,"column":11},"end":{"line":244,"column":8}},"type":"if","locations":[{"start":{"line":226,"column":11},"end":{"line":244,"column":8}},{"start":{"line":226,"column":11},"end":{"line":244,"column":8}}],"line":226},"39":{"loc":{"start":{"line":227,"column":6},"end":{"line":237,"column":10}},"type":"if","locations":[{"start":{"line":227,"column":6},"end":{"line":237,"column":10}},{"start":{"line":227,"column":6},"end":{"line":237,"column":10}}],"line":227},"40":{"loc":{"start":{"line":228,"column":11},"end":{"line":237,"column":10}},"type":"if","locations":[{"start":{"line":228,"column":11},"end":{"line":237,"column":10}},{"start":{"line":228,"column":11},"end":{"line":237,"column":10}}],"line":228},"41":{"loc":{"start":{"line":278,"column":4},"end":{"line":281,"column":5}},"type":"if","locations":[{"start":{"line":278,"column":4},"end":{"line":281,"column":5}},{"start":{"line":278,"column":4},"end":{"line":281,"column":5}}],"line":278},"42":{"loc":{"start":{"line":279,"column":6},"end":{"line":279,"column":57}},"type":"if","locations":[{"start":{"line":279,"column":6},"end":{"line":279,"column":57}},{"start":{"line":279,"column":6},"end":{"line":279,"column":57}}],"line":279},"43":{"loc":{"start":{"line":280,"column":6},"end":{"line":280,"column":59}},"type":"if","locations":[{"start":{"line":280,"column":6},"end":{"line":280,"column":59}},{"start":{"line":280,"column":6},"end":{"line":280,"column":59}}],"line":280},"44":{"loc":{"start":{"line":291,"column":4},"end":{"line":291,"column":64}},"type":"if","locations":[{"start":{"line":291,"column":4},"end":{"line":291,"column":64}},{"start":{"line":291,"column":4},"end":{"line":291,"column":64}}],"line":291},"45":{"loc":{"start":{"line":292,"column":4},"end":{"line":292,"column":64}},"type":"if","locations":[{"start":{"line":292,"column":4},"end":{"line":292,"column":64}},{"start":{"line":292,"column":4},"end":{"line":292,"column":64}}],"line":292},"46":{"loc":{"start":{"line":296,"column":4},"end":{"line":296,"column":45}},"type":"if","locations":[{"start":{"line":296,"column":4},"end":{"line":296,"column":45}},{"start":{"line":296,"column":4},"end":{"line":296,"column":45}}],"line":296},"47":{"loc":{"start":{"line":303,"column":4},"end":{"line":305,"column":5}},"type":"if","locations":[{"start":{"line":303,"column":4},"end":{"line":305,"column":5}},{"start":{"line":303,"column":4},"end":{"line":305,"column":5}}],"line":303},"48":{"loc":{"start":{"line":303,"column":8},"end":{"line":303,"column":52}},"type":"binary-expr","locations":[{"start":{"line":303,"column":8},"end":{"line":303,"column":18}},{"start":{"line":303,"column":22},"end":{"line":303,"column":32}},{"start":{"line":303,"column":36},"end":{"line":303,"column":52}}],"line":303},"49":{"loc":{"start":{"line":310,"column":4},"end":{"line":327,"column":5}},"type":"if","locations":[{"start":{"line":310,"column":4},"end":{"line":327,"column":5}},{"start":{"line":310,"column":4},"end":{"line":327,"column":5}}],"line":310},"50":{"loc":{"start":{"line":311,"column":6},"end":{"line":326,"column":7}},"type":"if","locations":[{"start":{"line":311,"column":6},"end":{"line":326,"column":7}},{"start":{"line":311,"column":6},"end":{"line":326,"column":7}}],"line":311},"51":{"loc":{"start":{"line":311,"column":10},"end":{"line":311,"column":42}},"type":"binary-expr","locations":[{"start":{"line":311,"column":10},"end":{"line":311,"column":21}},{"start":{"line":311,"column":25},"end":{"line":311,"column":42}}],"line":311},"52":{"loc":{"start":{"line":313,"column":13},"end":{"line":326,"column":7}},"type":"if","locations":[{"start":{"line":313,"column":13},"end":{"line":326,"column":7}},{"start":{"line":313,"column":13},"end":{"line":326,"column":7}}],"line":313},"53":{"loc":{"start":{"line":316,"column":8},"end":{"line":325,"column":9}},"type":"switch","locations":[{"start":{"line":317,"column":10},"end":{"line":318,"column":71}},{"start":{"line":319,"column":10},"end":{"line":320,"column":71}},{"start":{"line":321,"column":10},"end":{"line":322,"column":72}},{"start":{"line":323,"column":10},"end":{"line":324,"column":72}}],"line":316},"54":{"loc":{"start":{"line":340,"column":4},"end":{"line":348,"column":5}},"type":"if","locations":[{"start":{"line":340,"column":4},"end":{"line":348,"column":5}},{"start":{"line":340,"column":4},"end":{"line":348,"column":5}}],"line":340},"55":{"loc":{"start":{"line":341,"column":6},"end":{"line":345,"column":7}},"type":"if","locations":[{"start":{"line":341,"column":6},"end":{"line":345,"column":7}},{"start":{"line":341,"column":6},"end":{"line":345,"column":7}}],"line":341},"56":{"loc":{"start":{"line":349,"column":4},"end":{"line":354,"column":5}},"type":"if","locations":[{"start":{"line":349,"column":4},"end":{"line":354,"column":5}},{"start":{"line":349,"column":4},"end":{"line":354,"column":5}}],"line":349},"57":{"loc":{"start":{"line":355,"column":4},"end":{"line":355,"column":48}},"type":"if","locations":[{"start":{"line":355,"column":4},"end":{"line":355,"column":48}},{"start":{"line":355,"column":4},"end":{"line":355,"column":48}}],"line":355},"58":{"loc":{"start":{"line":488,"column":4},"end":{"line":488,"column":47}},"type":"if","locations":[{"start":{"line":488,"column":4},"end":{"line":488,"column":47}},{"start":{"line":488,"column":4},"end":{"line":488,"column":47}}],"line":488},"59":{"loc":{"start":{"line":550,"column":4},"end":{"line":554,"column":8}},"type":"if","locations":[{"start":{"line":550,"column":4},"end":{"line":554,"column":8}},{"start":{"line":550,"column":4},"end":{"line":554,"column":8}}],"line":550}},"s":{"0":1,"1":1,"2":1,"3":1,"4":1,"5":32,"6":32,"7":0,"8":0,"9":0,"10":32,"11":0,"12":32,"13":2,"14":32,"15":0,"16":32,"17":32,"18":32,"19":1,"20":0,"21":8,"22":8,"23":8,"24":1,"25":0,"26":1,"27":1,"28":8,"29":0,"30":0,"31":0,"32":0,"33":0,"34":0,"35":0,"36":0,"37":0,"38":0,"39":0,"40":0,"41":0,"42":0,"43":0,"44":0,"45":0,"46":0,"47":0,"48":0,"49":0,"50":0,"51":0,"52":0,"53":0,"54":0,"55":0,"56":0,"57":0,"58":0,"59":0,"60":0,"61":0,"62":0,"63":0,"64":0,"65":0,"66":0,"67":0,"68":0,"69":0,"70":0,"71":0,"72":0,"73":0,"74":0,"75":0,"76":0,"77":0,"78":78,"79":2,"80":7,"81":4,"82":2,"83":5,"84":0,"85":0,"86":0,"87":5,"88":2,"89":2,"90":5,"91":0,"92":0,"93":0,"94":0,"95":0,"96":5,"97":5,"98":0,"99":5,"100":5,"101":0,"102":0,"103":0,"104":0,"105":0,"106":0,"107":0,"108":0,"109":0,"110":0,"111":0,"112":0,"113":0,"114":0,"115":0,"116":0,"117":0,"118":0,"119":0,"120":0,"121":0,"122":0,"123":0,"124":2,"125":0,"126":2,"127":2,"128":2,"129":0,"130":2,"131":0,"132":2,"133":2,"134":2,"135":0,"136":0,"137":0,"138":0,"139":0,"140":0,"141":0,"142":0,"143":0,"144":0,"145":0,"146":0,"147":0,"148":0,"149":0,"150":0,"151":0,"152":0,"153":0,"154":0,"155":0,"156":0,"157":0,"158":0,"159":0,"160":0,"161":0,"162":0,"163":0,"164":0,"165":0,"166":0,"167":0,"168":0,"169":0,"170":0,"171":0,"172":0,"173":0,"174":0,"175":0,"176":0,"177":0,"178":0,"179":0,"180":0,"181":0,"182":0,"183":0,"184":0,"185":0,"186":0,"187":1,"188":1,"189":1,"190":2,"191":1,"192":1,"193":0,"194":0,"195":7,"196":2,"197":2,"198":5,"199":2,"200":2,"201":2,"202":0,"203":0,"204":0,"205":0,"206":0,"207":0,"208":0,"209":0,"210":0,"211":0,"212":0,"213":0,"214":0,"215":0,"216":0,"217":0,"218":0,"219":0,"220":0,"221":1},"f":{"0":32,"1":0,"2":8,"3":1,"4":0,"5":78,"6":2,"7":7,"8":4,"9":2,"10":5,"11":0,"12":0,"13":0,"14":5,"15":2,"16":2,"17":5,"18":0,"19":0,"20":0,"21":0,"22":2,"23":0,"24":0,"25":0,"26":0,"27":0,"28":0,"29":0,"30":0,"31":0,"32":0,"33":0,"34":0,"35":0,"36":0,"37":0,"38":0,"39":0,"40":0,"41":0,"42":0,"43":0,"44":0,"45":1,"46":2,"47":0,"48":0,"49":7,"50":2,"51":2,"52":5,"53":2,"54":2,"55":2,"56":0,"57":0,"58":0,"59":0,"60":0,"61":0,"62":0,"63":0,"64":0,"65":0,"66":0,"67":0,"68":0,"69":0,"70":0},"b":{"0":[0,32],"1":[0,32],"2":[2,30],"3":[0,32],"4":[32,1,32,1],"5":[0,1],"6":[0,0],"7":[0,0],"8":[0,0],"9":[0,0],"10":[0,0],"11":[0,0],"12":[0,0],"13":[0,0],"14":[0,0],"15":[0,0],"16":[0,0],"17":[0,0],"18":[0,0],"19":[0,0],"20":[0,0],"21":[0,0],"22":[0,0],"23":[0,0],"24":[0,0],"25":[0,0],"26":[0,0],"27":[78,64,0],"28":[2,2],"29":[7,5,2,0],"30":[4,2],"31":[2,2],"32":[0,0],"33":[0,0],"34":[5,4],"35":[0,5],"36":[0,0],"37":[0,0],"38":[5,0],"39":[0,5],"40":[5,0],"41":[0,0],"42":[0,0],"43":[0,0],"44":[0,2],"45":[2,0],"46":[0,2],"47":[0,2],"48":[2,0,0],"49":[2,0],"50":[2,0],"51":[2,2],"52":[0,0],"53":[0,0,0,0],"54":[0,0],"55":[0,0],"56":[0,0],"57":[0,0],"58":[1,1],"59":[0,0]},"_coverageSchema":"1a1c01bbd47fc00a2c39e90264f33305004495a9","hash":"4052986155591db55fa8b7bd3f4101950cd25f78"}
}
