TN:
SF:Logging.js
FN:3,log
FN:8,error
FN:13,warn
FN:18,extractDocumentation
FN:32,countPrefixTabs
FN:47,(anonymous_5)
FN:53,(anonymous_6)
FN:60,help
FN:65,toTitleCase
FN:70,(anonymous_9)
FN:76,centerText
FNF:11
FNH:0
FNDA:0,log
FNDA:0,error
FNDA:0,warn
FNDA:0,extractDocumentation
FNDA:0,countPrefixTabs
FNDA:0,(anonymous_5)
FNDA:0,(anonymous_6)
FNDA:0,help
FNDA:0,toTitleCase
FNDA:0,(anonymous_9)
FNDA:0,centerText
DA:4,0
DA:5,0
DA:9,0
DA:10,0
DA:14,0
DA:15,0
DA:19,0
DA:26,0
DA:28,0
DA:29,0
DA:30,0
DA:36,0
DA:37,0
DA:38,0
DA:45,0
DA:47,0
DA:48,0
DA:49,0
DA:50,0
DA:53,0
DA:54,0
DA:55,0
DA:57,0
DA:61,0
DA:62,0
DA:66,0
DA:67,0
DA:71,0
DA:77,0
DA:78,0
DA:80,0
DA:81,0
DA:83,0
DA:86,0
DA:89,1
LF:35
LH:1
BRDA:3,0,0,0
BRDA:4,1,0,0
BRDA:4,1,1,0
BRDA:48,2,0,0
BRDA:48,2,1,0
BRDA:50,3,0,0
BRDA:50,3,1,0
BRDA:54,4,0,0
BRDA:54,4,1,0
BRDA:61,5,0,0
BRDA:61,5,1,0
BRDA:77,6,0,0
BRDA:77,6,1,0
BRDA:78,7,0,0
BRDA:78,7,1,0
BRF:15
BRH:0
end_of_record
TN:
SF:Math-Functions.js
FN:2,hypotenuse
FN:16,logHypotenuse
FN:28,hyperbolicSine
FN:32,hyperbolicCosine
FN:36,round
FN:42,isUsefulNumber
FN:51,isUsefulInteger
FNF:7
FNH:1
FNDA:2,hypotenuse
FNDA:0,logHypotenuse
FNDA:0,hyperbolicSine
FNDA:0,hyperbolicCosine
FNDA:0,round
FNDA:0,isUsefulNumber
FNDA:0,isUsefulInteger
DA:3,2
DA:4,2
DA:6,2
DA:7,2
DA:9,0
DA:10,0
DA:11,0
DA:12,0
DA:13,0
DA:17,0
DA:18,0
DA:20,0
DA:21,0
DA:22,0
DA:23,0
DA:25,0
DA:29,0
DA:33,0
DA:37,0
DA:38,0
DA:39,0
DA:43,0
DA:52,0
DA:56,1
LF:24
LH:5
BRDA:6,0,0,2
BRDA:6,0,1,0
BRDA:6,1,0,2
BRDA:6,1,1,2
BRDA:9,2,0,0
BRDA:9,2,1,0
BRDA:20,3,0,0
BRDA:20,3,1,0
BRDA:21,4,0,0
BRDA:21,4,1,0
BRDA:22,5,0,0
BRDA:22,5,1,0
BRDA:22,6,0,0
BRDA:22,6,1,0
BRDA:37,7,0,0
BRDA:37,7,1,0
BRDA:44,8,0,0
BRDA:44,8,1,0
BRDA:44,8,2,0
BRDA:44,8,3,0
BRDA:44,8,4,0
BRDA:52,9,0,0
BRDA:52,9,1,0
BRF:23
BRH:3
end_of_record
TN:
SF:Misc.js
FN:7,dispatchEventToGlobal
FN:18,createConstant
FN:35,createConstants
FN:49,shuffleNames$
FN:56,(anonymous_4)
FN:61,getRandomName$
FN:71,hueToColorName
FN:77,colorIndexToHue
FNF:8
FNH:2
FNDA:0,dispatchEventToGlobal
FNDA:6,createConstant
FNDA:1,createConstants
FNDA:0,shuffleNames$
FNDA:0,(anonymous_4)
FNDA:0,getRandomName$
FNDA:0,hueToColorName
FNDA:0,colorIndexToHue
DA:1,1
DA:3,1
DA:4,1
DA:5,1
DA:8,0
DA:9,0
DA:13,0
DA:14,0
DA:20,6
DA:31,6
DA:32,6
DA:36,1
DA:37,0
DA:41,1
DA:42,6
DA:47,1
DA:48,1
DA:50,0
DA:51,0
DA:52,0
DA:53,0
DA:56,0
DA:57,0
DA:62,0
DA:64,0
DA:65,0
DA:67,0
DA:68,0
DA:72,0
DA:73,0
DA:74,0
DA:78,0
DA:81,1
DA:400,1
LF:34
LH:14
BRDA:8,0,0,0
BRDA:8,0,1,0
BRDA:36,1,0,0
BRDA:36,1,1,1
BRDA:62,2,0,0
BRDA:62,2,1,0
BRF:6
BRH:1
end_of_record
TN:
SF:Q-ComplexNumber.js
FN:7,(anonymous_0)
FN:63,(anonymous_1)
FN:67,(anonymous_2)
FN:83,(anonymous_3)
FN:94,(anonymous_4)
FN:154,(anonymous_5)
FN:157,(anonymous_6)
FN:160,(anonymous_7)
FN:166,(anonymous_8)
FN:169,(anonymous_9)
FN:172,(anonymous_10)
FN:177,(anonymous_11)
FN:180,(anonymous_12)
FN:185,(anonymous_13)
FN:190,(anonymous_14)
FN:199,(anonymous_15)
FN:202,(anonymous_16)
FN:205,(anonymous_17)
FN:247,(anonymous_18)
FN:256,(anonymous_19)
FN:265,(anonymous_20)
FN:274,(anonymous_21)
FN:290,(anonymous_22)
FN:336,(anonymous_23)
FN:358,(anonymous_24)
FN:364,(anonymous_25)
FN:369,(anonymous_26)
FN:372,(anonymous_27)
FN:375,(anonymous_28)
FN:378,(anonymous_29)
FN:391,(anonymous_30)
FN:396,(anonymous_31)
FN:399,(anonymous_32)
FN:402,(anonymous_33)
FN:405,(anonymous_34)
FN:420,(anonymous_35)
FN:425,(anonymous_36)
FN:428,(anonymous_37)
FN:431,(anonymous_38)
FN:434,(anonymous_39)
FN:439,(anonymous_40)
FN:444,(anonymous_41)
FN:447,(anonymous_42)
FN:450,(anonymous_43)
FN:453,(anonymous_44)
FN:482,(anonymous_45)
FN:485,(anonymous_46)
FN:491,(anonymous_47)
FN:502,(anonymous_48)
FN:505,(anonymous_49)
FN:508,(anonymous_50)
FN:511,(anonymous_51)
FN:514,(anonymous_52)
FN:518,(anonymous_53)
FN:521,(anonymous_54)
FN:525,(anonymous_55)
FN:528,(anonymous_56)
FN:531,(anonymous_57)
FN:534,(anonymous_58)
FN:537,(anonymous_59)
FN:540,(anonymous_60)
FN:543,(anonymous_61)
FN:549,(anonymous_62)
FN:560,(anonymous_63)
FN:563,(anonymous_64)
FN:566,(anonymous_65)
FN:569,(anonymous_66)
FN:572,(anonymous_67)
FN:575,(anonymous_68)
FN:578,(anonymous_69)
FN:581,(anonymous_70)
FNF:71
FNH:23
FNDA:32,(anonymous_0)
FNDA:0,(anonymous_1)
FNDA:8,(anonymous_2)
FNDA:1,(anonymous_3)
FNDA:0,(anonymous_4)
FNDA:78,(anonymous_5)
FNDA:2,(anonymous_6)
FNDA:7,(anonymous_7)
FNDA:4,(anonymous_8)
FNDA:2,(anonymous_9)
FNDA:5,(anonymous_10)
FNDA:0,(anonymous_11)
FNDA:0,(anonymous_12)
FNDA:0,(anonymous_13)
FNDA:5,(anonymous_14)
FNDA:2,(anonymous_15)
FNDA:2,(anonymous_16)
FNDA:5,(anonymous_17)
FNDA:0,(anonymous_18)
FNDA:0,(anonymous_19)
FNDA:0,(anonymous_20)
FNDA:0,(anonymous_21)
FNDA:2,(anonymous_22)
FNDA:0,(anonymous_23)
FNDA:0,(anonymous_24)
FNDA:0,(anonymous_25)
FNDA:0,(anonymous_26)
FNDA:0,(anonymous_27)
FNDA:0,(anonymous_28)
FNDA:0,(anonymous_29)
FNDA:0,(anonymous_30)
FNDA:0,(anonymous_31)
FNDA:0,(anonymous_32)
FNDA:0,(anonymous_33)
FNDA:0,(anonymous_34)
FNDA:0,(anonymous_35)
FNDA:0,(anonymous_36)
FNDA:0,(anonymous_37)
FNDA:0,(anonymous_38)
FNDA:0,(anonymous_39)
FNDA:0,(anonymous_40)
FNDA:0,(anonymous_41)
FNDA:0,(anonymous_42)
FNDA:0,(anonymous_43)
FNDA:0,(anonymous_44)
FNDA:1,(anonymous_45)
FNDA:2,(anonymous_46)
FNDA:0,(anonymous_47)
FNDA:0,(anonymous_48)
FNDA:7,(anonymous_49)
FNDA:2,(anonymous_50)
FNDA:2,(anonymous_51)
FNDA:5,(anonymous_52)
FNDA:2,(anonymous_53)
FNDA:2,(anonymous_54)
FNDA:2,(anonymous_55)
FNDA:0,(anonymous_56)
FNDA:0,(anonymous_57)
FNDA:0,(anonymous_58)
FNDA:0,(anonymous_59)
FNDA:0,(anonymous_60)
FNDA:0,(anonymous_61)
FNDA:0,(anonymous_62)
FNDA:0,(anonymous_63)
FNDA:0,(anonymous_64)
FNDA:0,(anonymous_65)
FNDA:0,(anonymous_66)
FNDA:0,(anonymous_67)
FNDA:0,(anonymous_68)
FNDA:0,(anonymous_69)
FNDA:0,(anonymous_70)
DA:3,1
DA:4,1
DA:5,1
DA:6,1
DA:7,1
DA:8,32
DA:39,32
DA:40,0
DA:41,0
DA:42,0
DA:45,32
DA:46,32
DA:47,32
DA:52,0
DA:56,32
DA:57,32
DA:58,32
DA:61,1
DA:64,0
DA:69,8
DA:80,8
DA:81,8
DA:84,1
DA:85,0
DA:89,1
DA:90,8
DA:99,0
DA:100,0
DA:101,0
DA:102,0
DA:110,0
DA:114,0
DA:115,0
DA:119,0
DA:120,0
DA:125,0
DA:126,0
DA:127,0
DA:128,0
DA:129,0
DA:130,0
DA:131,0
DA:132,0
DA:133,0
DA:139,0
DA:140,0
DA:141,0
DA:142,0
DA:144,0
DA:145,0
DA:146,0
DA:147,0
DA:148,0
DA:149,0
DA:150,0
DA:151,0
DA:155,78
DA:158,2
DA:161,7
DA:167,4
DA:170,2
DA:173,5
DA:178,0
DA:181,0
DA:186,0
DA:191,5
DA:200,2
DA:203,2
DA:214,5
DA:215,0
DA:216,0
DA:218,0
DA:226,5
DA:227,5
DA:228,5
DA:230,0
DA:239,0
DA:248,0
DA:249,0
DA:251,0
DA:257,0
DA:258,0
DA:260,0
DA:266,0
DA:267,0
DA:268,0
DA:271,0
DA:272,0
DA:275,0
DA:276,0
DA:278,0
DA:279,0
DA:280,0
DA:283,0
DA:284,0
DA:287,0
DA:291,2
DA:292,2
DA:296,2
DA:303,2
DA:304,0
DA:310,2
DA:311,2
DA:312,2
DA:313,0
DA:316,0
DA:318,0
DA:320,0
DA:322,0
DA:324,0
DA:329,0
DA:330,0
DA:331,0
DA:332,0
DA:334,0
DA:337,0
DA:338,0
DA:340,0
DA:341,0
DA:342,0
DA:344,0
DA:347,0
DA:349,0
DA:350,0
DA:352,0
DA:355,0
DA:356,0
DA:359,0
DA:365,0
DA:370,0
DA:373,0
DA:376,0
DA:382,0
DA:383,0
DA:384,0
DA:385,0
DA:387,0
DA:392,0
DA:397,0
DA:400,0
DA:403,0
DA:409,0
DA:410,0
DA:414,0
DA:416,0
DA:421,0
DA:426,0
DA:429,0
DA:432,0
DA:435,0
DA:440,0
DA:445,0
DA:448,0
DA:451,0
DA:454,0
DA:460,1
DA:479,1
DA:483,1
DA:488,2
DA:489,1
DA:494,0
DA:503,0
DA:506,7
DA:509,2
DA:512,2
DA:515,5
DA:519,2
DA:522,2
DA:526,2
DA:529,0
DA:532,0
DA:535,0
DA:538,0
DA:541,0
DA:544,0
DA:550,0
DA:551,0
DA:556,0
DA:557,0
DA:558,0
DA:561,0
DA:564,0
DA:567,0
DA:570,0
DA:573,0
DA:576,0
DA:579,0
DA:582,0
DA:586,1
LF:189
LH:53
BRDA:39,0,0,0
BRDA:39,0,1,32
BRDA:45,1,0,0
BRDA:45,1,1,32
BRDA:46,2,0,2
BRDA:46,2,1,30
BRDA:47,3,0,0
BRDA:47,3,1,32
BRDA:48,4,0,32
BRDA:48,4,1,1
BRDA:48,4,2,32
BRDA:48,4,3,1
BRDA:84,5,0,0
BRDA:84,5,1,1
BRDA:99,6,0,0
BRDA:99,6,1,0
BRDA:110,7,0,0
BRDA:110,7,1,0
BRDA:125,8,0,0
BRDA:125,8,1,0
BRDA:126,9,0,0
BRDA:126,9,1,0
BRDA:127,10,0,0
BRDA:127,10,1,0
BRDA:128,11,0,0
BRDA:128,11,1,0
BRDA:129,12,0,0
BRDA:129,12,1,0
BRDA:130,13,0,0
BRDA:130,13,1,0
BRDA:131,14,0,0
BRDA:131,14,1,0
BRDA:132,15,0,0
BRDA:132,15,1,0
BRDA:139,16,0,0
BRDA:139,16,1,0
BRDA:140,17,0,0
BRDA:140,17,1,0
BRDA:141,18,0,0
BRDA:141,18,1,0
BRDA:142,19,0,0
BRDA:142,19,1,0
BRDA:144,20,0,0
BRDA:144,20,1,0
BRDA:145,21,0,0
BRDA:145,21,1,0
BRDA:146,22,0,0
BRDA:146,22,1,0
BRDA:147,23,0,0
BRDA:147,23,1,0
BRDA:148,24,0,0
BRDA:148,24,1,0
BRDA:149,25,0,0
BRDA:149,25,1,0
BRDA:150,26,0,0
BRDA:150,26,1,0
BRDA:155,27,0,78
BRDA:155,27,1,64
BRDA:155,27,2,0
BRDA:158,28,0,2
BRDA:158,28,1,2
BRDA:162,29,0,7
BRDA:162,29,1,5
BRDA:162,29,2,2
BRDA:162,29,3,0
BRDA:167,30,0,4
BRDA:167,30,1,2
BRDA:170,31,0,2
BRDA:170,31,1,2
BRDA:182,32,0,0
BRDA:182,32,1,0
BRDA:187,33,0,0
BRDA:187,33,1,0
BRDA:192,34,0,5
BRDA:192,34,1,4
BRDA:214,35,0,0
BRDA:214,35,1,5
BRDA:215,36,0,0
BRDA:215,36,1,0
BRDA:216,37,0,0
BRDA:216,37,1,0
BRDA:226,38,0,5
BRDA:226,38,1,0
BRDA:227,39,0,0
BRDA:227,39,1,5
BRDA:228,40,0,5
BRDA:228,40,1,0
BRDA:278,41,0,0
BRDA:278,41,1,0
BRDA:279,42,0,0
BRDA:279,42,1,0
BRDA:280,43,0,0
BRDA:280,43,1,0
BRDA:291,44,0,0
BRDA:291,44,1,2
BRDA:292,45,0,2
BRDA:292,45,1,0
BRDA:296,46,0,0
BRDA:296,46,1,2
BRDA:303,47,0,0
BRDA:303,47,1,2
BRDA:303,48,0,2
BRDA:303,48,1,0
BRDA:303,48,2,0
BRDA:310,49,0,2
BRDA:310,49,1,0
BRDA:311,50,0,2
BRDA:311,50,1,0
BRDA:311,51,0,2
BRDA:311,51,1,2
BRDA:313,52,0,0
BRDA:313,52,1,0
BRDA:316,53,0,0
BRDA:316,53,1,0
BRDA:316,53,2,0
BRDA:316,53,3,0
BRDA:340,54,0,0
BRDA:340,54,1,0
BRDA:341,55,0,0
BRDA:341,55,1,0
BRDA:349,56,0,0
BRDA:349,56,1,0
BRDA:355,57,0,0
BRDA:355,57,1,0
BRDA:488,58,0,1
BRDA:488,58,1,1
BRDA:550,59,0,0
BRDA:550,59,1,0
BRF:128
BRH:38
end_of_record
